<?xml version="1.0" encoding="UTF-8"?>
<testng-results ignored="0" total="1" passed="1" failed="0" skipped="0">
  <reporter-output>
  </reporter-output>
  <suite started-at="2024-12-20T20:55:37 IST" name="Suite" finished-at="2024-12-20T20:55:47 IST" duration-ms="10510">
    <groups>
    </groups>
    <test started-at="2024-12-20T20:55:37 IST" name="Test" finished-at="2024-12-20T20:55:47 IST" duration-ms="10510">
      <class name="Module1_LoginTest.SwagLabLoginTest">
        <test-method is-config="true" signature="openBrowser()[pri:0, instance:Module1_LoginTest.SwagLabLoginTest@67d48005]" started-at="2024-12-20T20:55:37 IST" name="openBrowser" finished-at="2024-12-20T20:55:39 IST" duration-ms="2469" status="PASS">
          <reporter-output>
          </reporter-output>
        </test-method> <!-- openBrowser -->
        <test-method is-config="true" signature="loginToApp()[pri:0, instance:Module1_LoginTest.SwagLabLoginTest@67d48005]" started-at="2024-12-20T20:55:39 IST" name="loginToApp" finished-at="2024-12-20T20:55:42 IST" duration-ms="2948" status="PASS">
          <reporter-output>
          </reporter-output>
        </test-method> <!-- loginToApp -->
        <test-method signature="verifyLogo()[pri:0, instance:Module1_LoginTest.SwagLabLoginTest@67d48005]" started-at="2024-12-20T20:55:42 IST" name="verifyLogo" finished-at="2024-12-20T20:55:43 IST" duration-ms="79" status="PASS">
          <reporter-output>
          </reporter-output>
        </test-method> <!-- verifyLogo -->
        <test-method is-config="true" signature="logoutFromApp(org.testng.ITestResult)[pri:0, instance:Module1_LoginTest.SwagLabLoginTest@67d48005]" started-at="2024-12-20T20:55:43 IST" name="logoutFromApp" finished-at="2024-12-20T20:55:47 IST" duration-ms="4187" status="PASS">
          <params>
            <param index="0">
              <value>
                <![CDATA[[TestResult name=verifyLogo status=SUCCESS method=SwagLabLoginTest.verifyLogo()[pri:0, instance:Module1_LoginTest.SwagLabLoginTest@67d48005] output={null}]]]>
              </value>
            </param>
          </params>
          <reporter-output>
          </reporter-output>
        </test-method> <!-- logoutFromApp -->
        <test-method is-config="true" signature="closeBrowser()[pri:0, instance:Module1_LoginTest.SwagLabLoginTest@67d48005]" started-at="2024-12-20T20:55:47 IST" name="closeBrowser" finished-at="2024-12-20T20:55:47 IST" duration-ms="776" status="PASS">
          <reporter-output>
          </reporter-output>
        </test-method> <!-- closeBrowser -->
      </class> <!-- Module1_LoginTest.SwagLabLoginTest -->
    </test> <!-- Test -->
  </suite> <!-- Suite -->
</testng-results>
